sending incremental file list
sending incremental file list
./
.gitignore
CHANGELOG
EC2-IMAGES
EXCLUDE
LICENSE
README.md
S3.pm
acl_security.pl
add_script.cgi
admins-lib.pl
all_webmin.cgi
assoc.cgi
assoc_form.cgi
autoconfig.cgi
backup-domain.pl
backup.cgi
backup.pl
backup_config.pl
backup_form.cgi
backup_sched.cgi
backuplog.cgi
backups-lib.pl
break_cert.cgi
bw-template
bw.pl
bwgraph.cgi
bwreset.cgi
bwreset_form.cgi
cert_form.cgi
cgi_args.pl
change-licence.pl
change-license.pl -> change-licence.pl
change-password.pl
change_users.cgi
check-config.pl
check-scripts.pl
check.cgi
clam-wrapper.pl
clamdscan-remote-wrapper.pl
clone-domain.pl
clone.cgi
clone_form.cgi
cloud-lib.pl
collect-lib.pl
collectinfo.pl
commands-lib.pl
config
config-freebsd
config.info
config.info.cz
config.info.cz.UTF-8
config.info.de
config.info.es
config.info.fi
config.info.fr
config.info.fr.UTF-8
config.info.it
config.info.nl
config.info.no
config.info.pl
config.info.pt_BR
config.info.tr
config_info.pl
config_s3_chunk.html
copy-mailbox.pl
copy_cert.cgi
copy_cert_dovecot.cgi
copy_cert_postfix.cgi
copy_cert_proftpd.cgi
copycert-lib.pl
create-admin.pl
create-alias.pl
create-database.pl
create-domain.pl
create-plan.pl
create-redirect.pl
create-rs-container.pl
create-s3-bucket.pl
create-shared-address.pl
create-simple-alias.pl
create-template.pl
create-user.pl
create_newmysql.cgi
createvirtualminmodule.sh
cron-lib.pl
cron_chooser.cgi
cron_select.cgi
csr.cgi
defaultacl
delete-admin.pl
delete-alias.pl
delete-backup.pl
delete-database.pl
delete-domain.pl
delete-php-directory.pl
delete-plan.pl
delete-redirect.pl
delete-rs-container.pl
delete-rs-file.pl
delete-s3-bucket.pl
delete-s3-file.pl
delete-script.pl
delete-shared-address.pl
delete-template.pl
delete-user.pl
delete_admins.cgi
delete_aliases.cgi
delete_backup.cgi
delete_databases.cgi
delete_domain.cgi
delete_newmysqls.cgi
delete_plans.cgi
delete_postgrey.cgi
delete_records.cgi
delete_redirects.cgi
delete_scheds.cgi
delete_tmpls.cgi
delete_users.cgi
disable-domain.pl
disable-feature.pl
disable-limit.pl
disable-writelogs.pl
disable_clamd.cgi
disable_domain.cgi
disable_postgrey.cgi
disable_scripts.cgi
disable_spamd.cgi
disconnect-database.pl
dkim-lib.pl
dkim.cgi
domain-template
domain_form.cgi
domain_setup.cgi
domainname-lib.pl
download-dropbox-file.pl
download-rs-file.pl
download-s3-file.pl
download_cert.cgi
download_key.cgi
dynip-lib.pl
dynip.pl
edit_admin.cgi
edit_afile.cgi
edit_alias.cgi
edit_bucket.cgi
edit_cloud.cgi
edit_database.cgi
edit_defaults.cgi
edit_domain.cgi
edit_domdkim.cgi
edit_exclude.cgi
edit_ffile.cgi
edit_lang.cgi
edit_limits.cgi
edit_link.cgi
edit_mail.cgi
edit_mailusers.cgi
edit_newautoconfig.cgi
edit_newbw.cgi
edit_newchangelog.cgi
edit_newchroot.cgi
edit_newdynip.cgi
edit_newfeatures.cgi
edit_newfields.cgi
edit_newglobal.cgi
edit_newips.cgi
edit_newlinks.cgi
edit_newlocal.cgi
edit_newmxs.cgi
edit_newmysqls.cgi
edit_newnotify.cgi
edit_newplan.cgi
edit_newquotacheck.cgi
edit_newquotas.cgi
edit_newretention.cgi
edit_newscripts.cgi
edit_newsharedips.cgi
edit_newshells.cgi
edit_newsv.cgi
edit_newtmpl.cgi
edit_newupdate.cgi
edit_newupgrade.cgi
edit_newuser.cgi
edit_newvalidate.cgi
edit_pass.cgi
edit_phpmode.cgi
edit_phpver.cgi
edit_plan.cgi
edit_plugconfig.cgi
edit_postgrey.cgi
edit_record.cgi
edit_redirect.cgi
edit_res.cgi
edit_rfile.cgi
edit_script.cgi
edit_spam.cgi
edit_spf.cgi
edit_tmpl.cgi
edit_user.cgi
edit_vfile.cgi
enable-domain.pl
enable-feature.pl
enable-limit.pl
enable-writelogs.pl
enable_clamd.cgi
enable_dkim.cgi
enable_domain.cgi
enable_postgrey.cgi
enable_spamd.cgi
expframe_form.cgi
feature-dir.pl
feature-dns.pl
feature-ftp.pl
feature-logrotate.pl
feature-mail.pl
feature-mysql.pl
feature-postgres.pl
feature-spam.pl
feature-ssl.pl
feature-status.pl
feature-unix.pl
feature-virt.pl
feature-virt6.pl
feature-virus.pl
feature-web.pl
feature-webalizer.pl
feature-webmin.pl
fetch-script-files.pl
fix-domain-permissions.pl
fix-domain-quota.pl
fix_modphp.cgi
fix_symlinks.cgi
fixperms.cgi
fixttl.cgi
frame_form.cgi
framefwd-template
ftp-lib.pl
functional-test.pl
generate-cert.pl
generate-letsencrypt-cert.pl
generate-script-sites.pl
get-command.pl
get-dns.pl
get-logs.pl
get-ssl.pl
get-template.pl
import-database.pl
import.cgi
import_database.cgi
import_form.cgi
index.cgi
info.pl
install-cert.pl
install-script.pl
install-service-cert.pl
install_dkim.cgi
install_postgrey.cgi
install_ratelimit.cgi
jailkit-lib.pl
json-lib.pl
kill_running.cgi
latest-scripts-key.asc
letsencrypt.cgi
licence-info.pl
licence.cgi
licence.pl
license-info.pl -> licence-info.pl
license.pl -> licence.pl
link.cgi
list-admins.pl
list-aliases.pl
list-available-scripts.pl
list-available-shells.pl
list-backup-keys.pl
list-backup-logs.pl
list-bandwidth.pl
list-certs.pl
list-commands.pl
list-custom.pl
list-databases.pl
list-domains.pl
list-dropbox-files.pl
list-features.pl
list-gcs-buckets.pl
list-gcs-files.pl
list-mailbox.pl
list-mysql-servers.pl
list-php-directories.pl
list-php-ini.pl
list-php-versions.pl
list-plans.pl
list-redirects.pl
list-rs-containers.pl
list-rs-files.pl
list-s3-buckets.pl
list-s3-files.pl
list-scheduled-backups.pl
list-scripts.pl
list-shared-addresses.pl
list-simple-aliases.pl
list-styles.pl
list-templates.pl
list-users.pl
list_admins.cgi
list_aliases.cgi
list_buckets.cgi
list_clouds.cgi
list_databases.cgi
list_records.cgi
list_redirects.cgi
list_running.cgi
list_sched.cgi
list_scripts.cgi
list_users.cgi
local-template
log_parser.pl
lookup-domain-daemon.pl
lookup-domain.pl
maillog.pl
mailusers.cgi
manual_records.cgi
manual_records_save.cgi
mass_aedit.cgi
mass_aedit_form.cgi
mass_change.cgi
mass_create.cgi
mass_create_form.cgi
mass_delete_domains.cgi
mass_disable.cgi
mass_domains_change.cgi
mass_domains_form.cgi
mass_enable.cgi
mass_form.cgi
mass_scripts.cgi
mass_ucreate.cgi
mass_ucreate_form.cgi
mass_uninstall.cgi
mass_upgrade.cgi
migrate-domain.pl
migrate.cgi
migrate_form.cgi
migration-cpanel.pl
migration-directadmin.pl
migration-ensim.pl
migration-lxadmin.pl
migration-plesk.pl
migration-plesk9.pl
migration-psa.pl
modify-admin.pl
modify-custom.pl
modify-database-hosts.pl
modify-database-pass.pl
modify-database-user.pl
modify-dns.pl
modify-domain.pl
modify-limits.pl
modify-mail.pl
modify-php-ini.pl
modify-plan.pl
modify-spam.pl
modify-template.pl
modify-user.pl
modify-web.pl
module.info
module.info.cz
module.info.cz.UTF-8
module.info.de
module.info.fr
module.info.fr.UTF-8
module.info.nl
module.info.no
module.info.pl
module.info.tr
move-domain.pl
move.cgi
move_form.cgi
move_newlinks.cgi
newchain.cgi
newfeatures-lib.pl
newip_form.cgi
newkey.cgi
nohup.out
notify-domains.pl
notify.cgi
php-lib.pl
plans-lib.pl
ports-lib.pl
postgres-encodings
postgrey-lib.pl
postgrey.cgi
postinstall.pl
postsave.cgi
procmail-logger.pl
procmail-wrapper
procmail-wrapper.c
provision-lib.pl
provision.cgi
proxy_form.cgi
quotacheck.cgi
quotas.pl
ratelimit-lib.pl
ratelimit.cgi
recollect.cgi
recovery.cgi
redirects-lib.pl
reemail.cgi
remote.cgi
rename-domain.pl
rename.cgi
rename_form.cgi
reseller-template
resend-email.pl
restart_feature.cgi
restart_script.cgi
restore-domain.pl
restore.cgi
restore_form.cgi
rs-lib.pl
run-all-webalizer.pl
s3-lib.pl
save_admin.cgi
save_afile.cgi
save_alias.cgi
save_bucket.cgi
save_cloud.cgi
save_database.cgi
save_dbhosts.cgi
save_dbname.cgi
save_dbpass.cgi
save_defaults.cgi
save_defplan.cgi
save_domain.cgi
save_domdkim.cgi
save_exclude.cgi
save_expframe.cgi
save_ffile.cgi
save_frame.cgi
save_lang.cgi
save_limits.cgi
save_link.cgi
save_linkcats.cgi
save_mail.cgi
save_mysqlremote.cgi
save_newautoconfig.cgi
save_newbw.cgi
save_newchroot.cgi
save_newdynip.cgi
save_newfeatures.cgi
save_newfields.cgi
save_newglobal.cgi
save_newip.cgi
save_newips.cgi
save_newlocal.cgi
save_newmxs.cgi
save_newquotas.cgi
save_newretention.cgi
save_newsharedips.cgi
save_newshells.cgi
save_newsv.cgi
save_newupdate.cgi
save_newuser.cgi
save_pass.cgi
save_peripcerts.cgi
save_phpmode.cgi
save_phpver.cgi
save_plan.cgi
save_plugconfig.cgi
save_postgrey.cgi
save_provision.cgi
save_proxy.cgi
save_ratelimit.cgi
save_record.cgi
save_redirect.cgi
save_res.cgi
save_rfile.cgi
save_scriptallow.cgi
save_scriptlatest.cgi
save_scriptwarn.cgi
save_spam.cgi
save_spf.cgi
save_tmpl.cgi
save_user.cgi
save_validate.cgi
save_vfile.cgi
script_form.cgi
script_install.cgi
scriptlatest.pl
scripts-lib.pl
scriptwarn.pl
search.cgi
security-lib.pl
seen_newfeatures.cgi
set-global-feature.pl
set-mysql-pass.pl
set-php-directory.pl
set-spam.pl
showpass.cgi
sign-script-installers.pl
simple-lib.pl
spamclear.pl
spamconfig.pl
spamtrap.pl
start-stop-script.pl
start_feature.cgi
start_script.cgi
stats-lib.pl
stop_feature.cgi
stop_script.cgi
subdomain-template
summary_domain.cgi
switch_theme.cgi
switch_user.cgi
syncmx-domain.pl
system_info.pl
test-imap.pl
test-pop3.pl
test-smtp.pl
transfer-domain.pl
transfer.cgi
transfer_form.cgi
unalias-domain.pl
unalias.cgi
uninstall.pl
unscript_install.cgi
unsub-domain.pl
unsub.cgi
update-template
upgrade.cgi
upload-api-docs.pl
upload-dropbox-file.pl
upload-rs-file.pl
upload-s3-file.pl
usage.cgi
user-template
useradmin_update.pl
validate-domains.pl
validate.cgi
validate.pl
view_backuplog.cgi
view_domain.cgi
view_log.cgi
view_maillog.cgi
view_records.cgi
virtual-server-lib-funcs.pl
virtual-server-lib.pl
virtual_feature_api.pl
virtualmin-licence.pl
vui-lib.pl
warnbw-template
webmin_menu.pl
webmincron-fixed.pl
wizard-lib.pl
wizard.cgi
writelogs.pl
IDNA/
IDNA/Punycode.pm
PHP/
PHP/Serialization.pm
S3/
S3/AWSAuthConnection.pm
S3/GetResponse.pm
S3/ListAllMyBucketsResponse.pm
S3/ListBucketResponse.pm
S3/QueryStringAuthGenerator.pm
S3/Response.pm
S3/S3Object.pm
help/
help/accesslog.html
help/accesslog.nl.html
help/accesslog.no.html
help/admin_create.fr.html
help/admin_create.html
help/admin_create.nl.html
help/admin_create.no.html
help/admin_desc.fr.html
help/admin_desc.html
help/admin_desc.nl.html
help/admin_desc.no.html
help/admin_doms.fr.html
help/admin_doms.html
help/admin_doms.nl.html
help/admin_doms.no.html
help/admin_edit.fr.html
help/admin_edit.html
help/admin_edit.nl.html
help/admin_edit.no.html
help/admin_email.fr.html
help/admin_email.html
help/admin_email.nl.html
help/admin_email.no.html
help/admin_features.fr.html
help/admin_features.html
help/admin_features.nl.html
help/admin_features.no.html
help/admin_modules.fr.html
help/admin_modules.html
help/admin_modules.nl.html
help/admin_modules.no.html
help/admin_name.fr.html
help/admin_name.html
help/admin_name.nl.html
help/admin_name.no.html
help/admin_norename.fr.html
help/admin_pass.fr.html
help/admin_pass.html
help/admin_pass.nl.html
help/admin_pass.no.html
help/admin_rename.fr.html
help/admin_rename.html
help/admin_rename.nl.html
help/admin_rename.no.html
help/aedit.fr.html
help/aedit.html
help/aedit.nl.html
help/aedit.no.html
help/alias_auto.html
help/alias_auto.nl.html
help/alias_auto.no.html
help/alias_bounce.fr.html
help/alias_bounce.html
help/alias_bounce.nl.html
help/alias_bounce.no.html
help/alias_end.fr.html
help/alias_end.html
help/alias_end.nl.html
help/alias_end.no.html
help/alias_everyone.fr.html
help/alias_everyone.html
help/alias_everyone.nl.html
help/alias_everyone.no.html
help/alias_forward.fr.html
help/alias_forward.html
help/alias_forward.nl.html
help/alias_forward.no.html
help/alias_from.fr.html
help/alias_from.html
help/alias_from.nl.html
help/alias_from.no.html
help/alias_local.fr.html
help/alias_local.html
help/alias_local.nl.html
help/alias_local.no.html
help/alias_period.html
help/alias_period.nl.html
help/alias_period.no.html
help/alias_start.fr.html
help/alias_start.html
help/alias_start.nl.html
help/alias_start.no.html
help/aliascmt.html
help/aliascmt.nl.html
help/aliascmt.no.html
help/aliasdest.en_GB.html
help/aliasdest.fr.html
help/aliasdest.html
help/aliasdest.nl.html
help/aliasdest.no.html
help/aliasdom.fr.html
help/aliasdom.html
help/aliasdom.nl.html
help/aliasdom.no.html
help/aliaslimit.html
help/aliaslimit.nl.html
help/aliaslimit.no.html
help/aliasname.fr.html
help/aliasname.html
help/aliasname.nl.html
help/aliasname.no.html
help/aliasname2.html
help/aliasname2.nl.html
help/aliasname2.no.html
help/amass.html
help/amass.nl.html
help/autoconfig.html
help/backup_after.html
help/backup_after.nl.html
help/backup_before.html
help/backup_before.nl.html
help/backup_dest.fr.html
help/backup_dest.html
help/backup_dest.nl.html
help/backup_doms.fr.html
help/backup_doms.html
help/backup_doms.nl.html
help/backup_email.fr.html
help/backup_email.html
help/backup_email.nl.html
help/backup_errors.fr.html
help/backup_errors.html
help/backup_errors.nl.html
help/backup_exclude.fr.html
help/backup_exclude.html
help/backup_exclude.nl.html
help/backup_features.fr.html
help/backup_features.html
help/backup_features.nl.html
help/backup_fmt.fr.html
help/backup_fmt.html
help/backup_fmt.nl.html
help/backup_format.html
help/backup_format.nl.html
help/backup_increment.fr.html
help/backup_increment.html
help/backup_increment.nl.html
help/backup_key.html
help/backup_kill.html
help/backup_mkdir.html
help/backup_mkdir.nl.html
help/backup_onebyone.fr.html
help/backup_onebyone.html
help/backup_onebyone.nl.html
help/backup_ownrestore.html
help/backup_parent.fr.html
help/backup_parent.html
help/backup_parent.nl.html
help/backup_parent2.fr.html
help/backup_parent2.html
help/backup_parent2.nl.html
help/backup_plan.html
help/backup_plan.nl.html
help/backup_purge.html
help/backup_purge.nl.html
help/backup_strftime.fr.html
help/backup_strftime.html
help/backup_strftime.nl.html
help/backup_virtualmin.html
help/backup_virtualmin.nl.html
help/backup_when.fr.html
help/backup_when.html
help/backup_when.nl.html
help/balancers.html
help/balancers.nl.html
help/bandwidth.html
help/bandwidth.nl.html
help/bandwidth_bw_active.html
help/bandwidth_bw_active.nl.html
help/bandwidth_bw_backup.html
help/bandwidth_bw_backup.nl.html
help/bandwidth_bw_disable.html
help/bandwidth_bw_disable.nl.html
help/bandwidth_bw_email.html
help/bandwidth_bw_email.nl.html
help/bandwidth_bw_enable.html
help/bandwidth_bw_enable.nl.html
help/bandwidth_bw_notify.html
help/bandwidth_bw_notify.nl.html
help/bandwidth_bw_owner.html
help/bandwidth_bw_owner.nl.html
help/bandwidth_bw_past.html
help/bandwidth_bw_past.nl.html
help/bandwidth_bw_step.html
help/bandwidth_bw_step.nl.html
help/bandwidth_bw_template.html
help/bandwidth_bw_template.nl.html
help/bandwidth_bw_warn.html
help/bandwidth_bw_warn.nl.html
help/bandwidth_ftplog_def.html
help/bandwidth_ftplog_def.nl.html
help/bandwidth_ftplog_rotated.html
help/bandwidth_ftplog_rotated.nl.html
help/bandwidth_mailall.html
help/bandwidth_mailall.nl.html
help/bandwidth_maillog_def.html
help/bandwidth_maillog_def.nl.html
help/bandwidth_maillog_rotated.html
help/bandwidth_maillog_rotated.nl.html
help/bandwidth_mailout.html
help/bandwidth_mailout.nl.html
help/bandwidth_maxdays.html
help/bandwidth_maxdays.nl.html
help/bandwidth_serversmode.html
help/bandwidth_serversmode.nl.html
help/bandwidth_warnbw_template.html
help/bandwidth_warnbw_template.nl.html
help/bkeys.html
help/buckets.html
help/bwlimit.html
help/bwlimit.nl.html
help/capabilities.html
help/capabilities.nl.html
help/clone.html
help/clone.nl.html
help/cmass.html
help/cmass.nl.html
help/config_alias_post_command.html
help/config_alias_post_command.nl.html
help/config_alias_pre_command.html
help/config_alias_pre_command.nl.html
help/config_alias_types.html
help/config_alias_types.nl.html
help/config_all_namevirtual.html
help/config_all_namevirtual.nl.html
help/config_allow_subdoms.html
help/config_allow_subdoms.nl.html
help/config_allow_upper.html
help/config_allow_upper.nl.html
help/config_apache_star.html
help/config_api_helper.html
help/config_api_helper.nl.html
help/config_append.html
help/config_append.nl.html
help/config_auto_redirect.html
help/config_avail_at.html
help/config_avail_at.nl.html
help/config_avail_change-user.html
help/config_avail_change-user.nl.html
help/config_avail_cron.html
help/config_avail_cron.nl.html
help/config_avail_custom.html
help/config_avail_custom.nl.html
help/config_avail_dns.html
help/config_avail_dns.nl.html
help/config_avail_file.html
help/config_avail_file.nl.html
help/config_avail_htaccess-htpasswd.html
help/config_avail_htaccess-htpasswd.nl.html
help/config_avail_mail.html
help/config_avail_mail.nl.html
help/config_avail_mailboxes.html
help/config_avail_mailboxes.nl.html
help/config_avail_mysql.html
help/config_avail_mysql.nl.html
help/config_avail_passwd.html
help/config_avail_passwd.nl.html
help/config_avail_phpini.html
help/config_avail_phpini.nl.html
help/config_avail_postgres.html
help/config_avail_postgres.nl.html
help/config_avail_proc.html
help/config_avail_proc.nl.html
help/config_avail_shell.html
help/config_avail_shell.nl.html
help/config_avail_spam.html
help/config_avail_spam.nl.html
help/config_avail_syslog.html
help/config_avail_syslog.nl.html
help/config_avail_telnet.html
help/config_avail_telnet.nl.html
help/config_avail_updown.html
help/config_avail_updown.nl.html
help/config_avail_web.html
help/config_avail_web.nl.html
help/config_avail_webalizer.html
help/config_avail_webalizer.nl.html
help/config_avail_webminlog.html
help/config_avail_webminlog.nl.html
help/config_aws_cmd.html
help/config_backuplog_age.html
help/config_backuplog_days.html
help/config_backuplog_days.nl.html
help/config_batch_create.html
help/config_batch_create.nl.html
help/config_bccs.html
help/config_bccs.nl.html
help/config_bw_template.html
help/config_bw_template.nl.html
help/config_ca_tmpl.html
help/config_ca_tmpl.nl.html
help/config_cert_tmpl.html
help/config_cert_tmpl.nl.html
help/config_cert_type.html
help/config_check_apache.html
help/config_check_apache.nl.html
help/config_check_ports.html
help/config_clam_delivery.html
help/config_clam_delivery.nl.html
help/config_collect_fs.html
help/config_collect_fs.nl.html
help/config_collect_ifaces.html
help/config_collect_ifaces.nl.html
help/config_collect_interval.html
help/config_collect_interval.nl.html
help/config_collect_noall.html
help/config_collect_noall.nl.html
help/config_collect_notemp.html
help/config_collect_notemp.nl.html
help/config_collect_restart.html
help/config_collect_restart.nl.html
help/config_combined_tmpl.html
help/config_compression.html
help/config_compression.nl.html
help/config_contact_email.html
help/config_default_procmail.html
help/config_default_procmail.nl.html
help/config_defip.html
help/config_defip.nl.html
help/config_defip6.html
help/config_delete_logs.html
help/config_denied_domains.html
help/config_denied_domains.nl.html
help/config_dependent_mail.html
help/config_dir.html
help/config_dir.nl.html
help/config_disable.html
help/config_disable.nl.html
help/config_disable_mail.html
help/config_display_max.html
help/config_display_max.nl.html
help/config_dns.html
help/config_dns.nl.html
help/config_dns_check.html
help/config_dns_check.nl.html
help/config_dns_ip.html
help/config_dns_ip.nl.html
help/config_docs_link.html
help/config_docs_link.nl.html
help/config_docs_text.html
help/config_docs_text.nl.html
help/config_domains_sort.html
help/config_domains_sort.nl.html
help/config_edit_afiles.html
help/config_edit_afiles.nl.html
help/config_edit_ftp.html
help/config_edit_ftp.nl.html
help/config_edit_homes.html
help/config_edit_homes.nl.html
help/config_edit_quota.html
help/config_edit_quota.nl.html
help/config_everything_tmpl.html
help/config_fcgid_max.html
help/config_fcgid_max.nl.html
help/config_force_email.html
help/config_from_addr.html
help/config_from_addr.nl.html
help/config_from_reseller.html
help/config_from_reseller.nl.html
help/config_ftp.html
help/config_ftp.nl.html
help/config_ftp_shell.html
help/config_ftp_shell.nl.html
help/config_generics.html
help/config_generics.nl.html
help/config_groupsame.html
help/config_groupsame.nl.html
help/config_gzip_mysql.html
help/config_ham_trap_white.html
help/config_ham_trap_white.nl.html
help/config_hide_alias.html
help/config_hide_alias.nl.html
help/config_home_backup.html
help/config_home_base.html
help/config_home_base.nl.html
help/config_home_format.html
help/config_home_format.nl.html
help/config_homes_dir.html
help/config_homes_dir.nl.html
help/config_iface.html
help/config_iface.nl.html
help/config_iface6.html
help/config_iface6.nl.html
help/config_iface_base.html
help/config_iface_base.nl.html
help/config_iface_manual.html
help/config_iface_manual.nl.html
help/config_index_cols.html
help/config_index_cols.nl.html
help/config_index_fcols.html
help/config_index_fcols.nl.html
help/config_ip6enabled.html
help/config_jail_age.html
help/config_jail_sects.html
help/config_jail_shell.html
help/config_jail_shell.nl.html
help/config_key_size.html
help/config_key_size.nl.html
help/config_key_tmpl.html
help/config_key_tmpl.nl.html
help/config_ldap.html
help/config_ldap.nl.html
help/config_ldap_aclasses.html
help/config_ldap_aclasses.nl.html
help/config_ldap_base.html
help/config_ldap_base.nl.html
help/config_ldap_classes.html
help/config_ldap_classes.nl.html
help/config_ldap_host.html
help/config_ldap_host.nl.html
help/config_ldap_login.html
help/config_ldap_login.nl.html
help/config_ldap_mail.html
help/config_ldap_mail.nl.html
help/config_ldap_mailstore.html
help/config_ldap_mailstore.nl.html
help/config_ldap_pass.html
help/config_ldap_pass.nl.html
help/config_ldap_port.html
help/config_ldap_port.nl.html
help/config_ldap_props.html
help/config_ldap_props.nl.html
help/config_ldap_unix.html
help/config_ldap_unix.nl.html
help/config_leave_acl.html
help/config_leave_acl.nl.html
help/config_limitnoalias.html
help/config_limitnoalias.nl.html
help/config_local_template.html
help/config_local_template.nl.html
help/config_localgroup.html
help/config_localgroup.nl.html
help/config_logrotate.html
help/config_logrotate.nl.html
help/config_longname.html
help/config_longname.nl.html
help/config_lookup_domain_serial.html
help/config_mail.html
help/config_mail.nl.html
help/config_mail_skel.html
help/config_mail_skel.nl.html
help/config_mail_system.html
help/config_mail_system.nl.html
help/config_maillog_hide.html
help/config_maillog_hide.nl.html
help/config_maillog_period.html
help/config_maillog_period.nl.html
help/config_max_all.html
help/config_max_all.nl.html
help/config_max_backups.html
help/config_max_backups.nl.html
help/config_max_manual.html
help/config_max_manual.nl.html
help/config_max_timeout.html
help/config_max_timeout.nl.html
help/config_mem_cmd.html
help/config_mem_cmd.nl.html
help/config_mem_low.html
help/config_mem_low.nl.html
help/config_move_command.html
help/config_move_command.nl.html
help/config_mx_validate.html
help/config_mysql.html
help/config_mysql.nl.html
help/config_mysql_replicas.html
help/config_mysql_replicas.nl.html
help/config_name_max.html
help/config_name_max.nl.html
help/config_name_mode.html
help/config_name_mode.nl.html
help/config_netmask6.html
help/config_netmask6.nl.html
help/config_nodeniedssh.html
help/config_nodeniedssh.nl.html
help/config_nolink_certs.html
help/config_nopostfix_extra_user.html
help/config_openssl_cnf.html
help/config_openssl_cnf.nl.html
help/config_other_doms.html
help/config_other_doms.nl.html
help/config_other_users.html
help/config_other_users.nl.html
help/config_output_command.html
help/config_output_command.nl.html
help/config_output_commands.html
help/config_output_commands.nl.html
help/config_own_restore.html
help/config_own_restore.nl.html
help/config_passwd_chars.html
help/config_passwd_chars.nl.html
help/config_passwd_length.html
help/config_passwd_length.nl.html
help/config_passwd_mode.html
help/config_passwd_mode.nl.html
help/config_pbzip2.html
help/config_pbzip2.nl.html
help/config_php_ini.html
help/config_php_ini.nl.html
help/config_php_paths.html
help/config_pigz.html
help/config_plan_auto.html
help/config_plan_auto.nl.html
help/config_post_check.html
help/config_post_check.nl.html
help/config_post_command.html
help/config_post_command.nl.html
help/config_postgres.html
help/config_postgres.nl.html
help/config_pre_command.html
help/config_pre_command.nl.html
help/config_preload_mode.html
help/config_preload_mode.nl.html
help/config_proxy_pass.html
help/config_proxy_pass.nl.html
help/config_python_cmd.html
help/config_quota_commands.html
help/config_quota_commands.nl.html
help/config_quota_get_group_command.html
help/config_quota_get_group_command.nl.html
help/config_quota_get_user_command.html
help/config_quota_get_user_command.nl.html
help/config_quota_list_groups_command.html
help/config_quota_list_groups_command.nl.html
help/config_quota_list_users_command.html
help/config_quota_list_users_command.nl.html
help/config_quota_set_group_command.html
help/config_quota_set_group_command.nl.html
help/config_quota_set_user_command.html
help/config_quota_set_user_command.nl.html
help/config_quotas.html
help/config_quotas.nl.html
help/config_remote_alias.html
help/config_reseller_modules.html
help/config_reseller_modules.nl.html
help/config_reseller_post_command.html
help/config_reseller_pre_command.html
help/config_reseller_theme.html
help/config_reseller_theme.nl.html
help/config_reseller_unix.html
help/config_scriptdir.html
help/config_scriptdir.nl.html
help/config_scriptwarn_url.html
help/config_scriptwarn_url.nl.html
help/config_secmx_nodns.html
help/config_secmx_nodns.nl.html
help/config_shell.html
help/config_shell.nl.html
help/config_show_lastlogin.html
help/config_show_mailsize.html
help/config_show_mailsize.nl.html
help/config_show_nf.html
help/config_show_nf.nl.html
help/config_show_pass.html
help/config_show_pass.nl.html
help/config_show_preview.html
help/config_show_sysinfo.html
help/config_show_sysinfo.nl.html
help/config_show_tabs.html
help/config_show_tabs.nl.html
help/config_show_ugroup.html
help/config_show_ugroup.nl.html
help/config_show_uquotas.html
help/config_show_validation.html
help/config_spam.html
help/config_spam.nl.html
help/config_spam_delivery.html
help/config_spam_delivery.nl.html
help/config_spam_level.html
help/config_spam_level.nl.html
help/config_spam_lock.html
help/config_spam_lock.nl.html
help/config_spam_trap_black.html
help/config_spam_trap_black.nl.html
help/config_spam_white.html
help/config_spam_white.nl.html
help/config_ssh_args.html
help/config_ssh_args.nl.html
help/config_ssl.html
help/config_ssl.nl.html
help/config_status.html
help/config_status.nl.html
help/config_tar_args.html
help/config_tar_args.nl.html
help/config_tar_cmd.html
help/config_tar_cmd.nl.html
help/config_template_auto.html
help/config_template_auto.nl.html
help/config_theme_image.html
help/config_theme_image.nl.html
help/config_theme_link.html
help/config_theme_link.nl.html
help/config_trash_folder.html
help/config_trash_folder.nl.html
help/config_unix.html
help/config_unix.nl.html
help/config_unix_shell.html
help/config_unix_shell.nl.html
help/config_update_template.html
help/config_update_template.nl.html
help/config_upload_tries.html
help/config_upload_tries.nl.html
help/config_user_template.html
help/config_user_template.nl.html
help/config_usermin_switch.html
help/config_usermin_switch.nl.html
help/config_virus.html
help/config_virus.nl.html
help/config_vpopmail_auto.html
help/config_vpopmail_auto.nl.html
help/config_vpopmail_dir.html
help/config_vpopmail_dir.nl.html
help/config_vpopmail_group.html
help/config_vpopmail_group.nl.html
help/config_vpopmail_md.html
help/config_vpopmail_owner.html
help/config_vpopmail_owner.nl.html
help/config_vpopmail_user.html
help/config_vpopmail_user.nl.html
help/config_warnbw_template.html
help/config_warnbw_template.nl.html
help/config_web.html
help/config_web.nl.html
help/config_webalizer.html
help/config_webalizer.nl.html
help/config_webalizer_nocron.html
help/config_webalizer_nocron.nl.html
help/config_webmin.html
help/config_webmin.nl.html
help/config_webmin_modules.html
help/config_webmin_modules.nl.html
help/config_webmin_theme.en_GB.html
help/config_webmin_theme.html
help/config_webmin_theme.nl.html
help/config_zip_args.html
help/config_zip_args.nl.html
help/create_alias.fr.html
help/create_alias.html
help/create_alias.nl.html
help/create_form.html
help/create_form.nl.html
help/create_subdom.html
help/create_subdom.nl.html
help/create_subserver.fr.html
help/create_subserver.html
help/create_subserver.nl.html
help/createmailbox.de.html
help/createmailbox.html
help/createmailbox.nl.html
help/custom_fields.html
help/custom_fields.nl.html
help/custom_links.html
help/custom_links.nl.html
help/databases.fr.html
help/databases.html
help/databases.nl.html
help/dbname.fr.html
help/dbname.html
help/dbname.nl.html
help/dbslimit.html
help/dbslimit.nl.html
help/defweb.fr.html
help/defweb.html
help/defweb.nl.html
help/dir.html
help/dir.nl.html
help/disabled_url.html
help/disabled_url.nl.html
help/disabled_web.html
help/disabled_web.nl.html
help/diskquota.de.html
help/diskquota.html
help/diskquota.nl.html
help/dkim.html
help/dkim.nl.html
help/dns.de.html
help/dns.fr.html
help/dns.html
help/dns.nl.html
help/dnssec.html
help/dnssec.nl.html
help/dnssec_alg.html
help/dnssec_alg.nl.html
help/dnssec_single.html
help/dnssec_single.nl.html
help/domainname.de.html
help/domainname.fr.html
help/domainname.html
help/domainname.nl.html
help/domainname.no.html
help/domains_group.html
help/domains_group.nl.html
help/domdkim.html
help/domslimit.html
help/domslimit.nl.html
help/dreseller.html
help/dreseller.nl.html
help/dynip.html
help/dynip.nl.html
help/edit_dnsip.fr.html
help/edit_dnsip.html
help/edit_dnsip.nl.html
help/edit_link.html
help/edit_link.nl.html
help/errorlog.html
help/errorlog.nl.html
help/extraemail.fr.html
help/extraemail.html
help/extraemail.nl.html
help/features.html
help/features.nl.html
help/form_content.html
help/form_content.nl.html
help/form_style.html
help/form_style.nl.html
help/framefwd.html
help/framefwd.nl.html
help/ftp.fr.html
help/ftp.html
help/ftp.nl.html
help/fwdto.fr.html
help/fwdto.html
help/fwdto.nl.html
help/htmldir.fr.html
help/htmldir.html
help/htmldir.nl.html
help/iface.html
help/iface.nl.html
help/iface6.html
help/iface6.nl.html
help/index.de.html
help/index.fr.html
help/index.html
help/index.nl.html
help/ipaddress.de.html
help/ipaddress.html
help/ipaddress.nl.html
help/lastlogin.fr.html
help/lastlogin.html
help/lastlogin.nl.html
help/limits.html
help/limits.nl.html
help/limits_alias.html
help/limits_alias.nl.html
help/limits_aliasdoms.html
help/limits_aliasdoms.nl.html
help/limits_dbs.html
help/limits_dbs.nl.html
help/limits_demo.html
help/limits_demo.nl.html
help/limits_doms.html
help/limits_doms.nl.html
help/limits_edit.html
help/limits_edit.nl.html
help/limits_features.html
help/limits_features.nl.html
help/limits_forceunder.html
help/limits_forceunder.nl.html
help/limits_ipfollow.html
help/limits_jail.html
help/limits_mailbox.html
help/limits_mailbox.nl.html
help/limits_migrate.html
help/limits_modules.html
help/limits_modules.nl.html
help/limits_mongrels.html
help/limits_mongrels.nl.html
help/limits_nodbname.html
help/limits_nodbname.nl.html
help/limits_norename.html
help/limits_norename.nl.html
help/limits_realdoms.html
help/limits_realdoms.nl.html
help/limits_safeunder.html
help/limits_safeunder.nl.html
help/limits_scripts.html
help/limits_scripts.nl.html
help/limits_shell.html
help/limits_shell.nl.html
help/linkdom.html
help/logrotate.html
help/logrotate.nl.html
help/mail.de.html
help/mail.fr.html
help/mail.html
help/mail.nl.html
help/mailbox.fr.html
help/mailbox.html
help/mailbox.nl.html
help/mailboxlimit.html
help/mailboxlimit.nl.html
help/mailfile.de.html
help/mailfile.fr.html
help/mailfile.html
help/mailfile.nl.html
help/mailgroupname.html
help/mailgroupname.nl.html
help/maillog.html
help/maillog.nl.html
help/mailopts.html
help/mailopts.nl.html
help/massdomains.html
help/massdomains.nl.html
help/matchall.fr.html
help/matchall.html
help/matchall.nl.html
help/move.html
help/move.nl.html
help/mysql.de.html
help/mysql.fr.html
help/mysql.html
help/mysql.nl.html
help/namedconf.html
help/namedconf.nl.html
help/newchroot.html
help/newchroot.nl.html
help/newglobal.html
help/newglobal.nl.html
help/newips.html
help/newips.nl.html
help/newips_mode.html
help/newips_new.html
help/newips_new.nl.html
help/newips_old.html
help/newips_old.nl.html
help/newips_servers_def.html
help/newips_servers_def.nl.html
help/newmail.html
help/newmail.nl.html
help/newmxs.html
help/newmxs.nl.html
help/newmysqls.html
help/newquotas.html
help/newquotas.nl.html
help/newshells.html
help/newshells.nl.html
help/newvalidate.html
help/newvalidate.nl.html
help/nodbname.html
help/nodbname.nl.html
help/nospam.fr.html
help/nospam.html
help/nospam.nl.html
help/ownersemail.fr.html
help/ownersemail.html
help/ownersemail.nl.html
help/ownersname.de.html
help/ownersname.fr.html
help/ownersname.html
help/ownersname.nl.html
help/ownersname.no.html
help/parentdom.fr.html
help/parentdom.html
help/parentdom.nl.html
help/password.de.html
help/password.fr.html
help/password.html
help/password.nl.html
help/password.no.html
help/phpmode.html
help/phpmode.nl.html
help/phpmode_children.html
help/phpmode_children.nl.html
help/phpmode_maxtime.html
help/phpmode_maxtime.nl.html
help/phpmode_ssi.fr.html
help/phpmode_ssi.html
help/phpmode_suexec.html
help/phpmode_suexec.nl.html
help/phpver.fr.html
help/phpver.html
help/phpver.nl.html
help/plan.fr.html
help/plan.html
help/plan.nl.html
help/plan.no.html
help/plan_name.html
help/plan_name.nl.html
help/plan_resellers.html
help/plan_resellers.nl.html
help/plan_scripts.html
help/plan_scripts.nl.html
help/plans.html
help/plans.nl.html
help/plugin_mod_config.html
help/plugin_mod_config.nl.html
help/plugin_mods.html
help/plugin_mods.nl.html
help/postgres.de.html
help/postgres.html
help/postgres.nl.html
help/postgrey.html
help/postgrey.nl.html
help/prefixname.fr.html
help/prefixname.html
help/prefixname.nl.html
help/provision.html
help/provision.nl.html
help/proxypass.html
help/proxypass.nl.html
help/qmailfiles.html
help/qmailfiles.nl.html
help/qmailquota.html
help/qmailquota.nl.html
help/ratelimit.html
help/realname.de.html
help/realname.fr.html
help/realname.html
help/realname.nl.html
help/records.fr.html
help/records.html
help/records.nl.html
help/recovery.html
help/redirect_code.html
help/redirect_dest.fr.html
help/redirect_dest.html
help/redirect_dest.nl.html
help/redirect_path.fr.html
help/redirect_path.html
help/redirect_path.nl.html
help/redirect_proto.html
help/redirect_regexp.fr.html
help/redirect_regexp.html
help/redirect_regexp.nl.html
help/redirects.fr.html
help/redirects.html
help/redirects.nl.html
help/remail.fr.html
help/remail.html
help/remail.nl.html
help/rename.html
help/rename.nl.html
help/res.html
help/res.nl.html
help/reseller.html
help/reseller.nl.html
help/reseller_backups.html
help/reseller_backups.nl.html
help/reseller_create.html
help/reseller_defip.html
help/reseller_defip.nl.html
help/reseller_defip6.html
help/reseller_defns.html
help/reseller_defns.nl.html
help/reseller_demo.html
help/reseller_demo.nl.html
help/reseller_desc.html
help/reseller_desc.nl.html
help/reseller_doms.html
help/reseller_doms.nl.html
help/reseller_email.html
help/reseller_email.nl.html
help/reseller_features.html
help/reseller_features.nl.html
help/reseller_hide.html
help/reseller_hide.nl.html
help/reseller_link.html
help/reseller_link.nl.html
help/reseller_lock.html
help/reseller_lock.nl.html
help/reseller_logo.html
help/reseller_logo.nl.html
help/reseller_max_aliasdoms.html
help/reseller_max_aliasdoms.nl.html
help/reseller_max_aliases.html
help/reseller_max_aliases.nl.html
help/reseller_max_bw.html
help/reseller_max_bw.nl.html
help/reseller_max_dbs.html
help/reseller_max_dbs.nl.html
help/reseller_max_doms.html
help/reseller_max_doms.nl.html
help/reseller_max_mailboxes.html
help/reseller_max_mailboxes.nl.html
help/reseller_max_quota.html
help/reseller_max_quota.nl.html
help/reseller_max_realdoms.html
help/reseller_max_realdoms.nl.html
help/reseller_max_topdoms.html
help/reseller_migrate.html
help/reseller_name.html
help/reseller_name.nl.html
help/reseller_pass.html
help/reseller_pass.nl.html
help/reseller_plans.html
help/reseller_plans.nl.html
help/reseller_ranges.html
help/reseller_ranges.nl.html
help/reseller_ranges6.html
help/reseller_sharedips.html
help/reseller_subdom.html
help/reseller_subdom.nl.html
help/reseller_unix.html
help/restore_delete.html
help/restore_fix.html
help/restore_fix.nl.html
help/restore_newip.html
help/restore_newip.nl.html
help/restore_newip6.html
help/restore_only.html
help/restore_only.nl.html
help/restore_reuid.html
help/restore_reuid.nl.html
help/retention.html
help/rmysql.html
help/rubymode.html
help/rubymode.nl.html
help/sched.fr.html
help/sched.html
help/sched.nl.html
help/scripts.fr.html
help/scripts.html
help/scripts.nl.html
help/sharedips.html
help/sharedips.nl.html
help/spam.fr.html
help/spam.html
help/spam.nl.html
help/spam_clear.fr.html
help/spam_clear.html
help/spam_clear.nl.html
help/spam_client.html
help/spam_client.nl.html
help/spam_level.fr.html
help/spam_level.html
help/spam_level.nl.html
help/spam_scanner.html
help/spam_scanner.nl.html
help/spam_spam.fr.html
help/spam_spam.html
help/spam_spam.nl.html
help/spam_trap.fr.html
help/spam_trap.html
help/spam_trap.nl.html
help/spam_trashclear.fr.html
help/spam_trashclear.html
help/spam_virus.fr.html
help/spam_virus.html
help/spam_virus.nl.html
help/spam_white.html
help/spam_white.nl.html
help/spf.fr.html
help/spf.html
help/spf.nl.html
help/spf_a.fr.html
help/spf_a.html
help/spf_a.nl.html
help/spf_all.fr.html
help/spf_all.html
help/spf_all.nl.html
help/spf_denabled.html
help/spf_dp.html
help/spf_dpct.html
help/spf_enabled.fr.html
help/spf_enabled.html
help/spf_enabled.nl.html
help/spf_include.fr.html
help/spf_include.html
help/spf_include.nl.html
help/spf_ip4.fr.html
help/spf_ip4.html
help/spf_ip4.nl.html
help/spf_ip6.fr.html
help/spf_ip6.html
help/spf_mx.fr.html
help/spf_mx.html
help/spf_mx.nl.html
help/ssl.html
help/ssl.nl.html
help/status.html
help/status.nl.html
help/subs.html
help/subs.nl.html
help/subs2.nl.html
help/sv.html
help/template.fr.html
help/template.html
help/template.nl.html
help/template.no.html
help/template_admin.html
help/template_admin.nl.html
help/template_admindom.html
help/template_admindom.nl.html
help/template_alias_mode.html
help/template_alias_mode.nl.html
help/template_aliascopy.html
help/template_aliascopy.nl.html
help/template_aliasdomslimit.html
help/template_aliasdomslimit.nl.html
help/template_aliases_mode.html
help/template_aliases_mode.nl.html
help/template_aliaslimit.html
help/template_aliaslimit.nl.html
help/template_append.html
help/template_append.nl.html
help/template_autoconfig.html
help/template_avail.html
help/template_avail.nl.html
help/template_bccto.html
help/template_bccto.nl.html
help/template_bind_replace.html
help/template_bind_replace.nl.html
help/template_bouncealias.html
help/template_bouncealias.nl.html
help/template_bwlimit.html
help/template_bwlimit.nl.html
help/template_capabilities.html
help/template_capabilities.nl.html
help/template_cc.html
help/template_cc.nl.html
help/template_dbgroup.html
help/template_dbgroup.nl.html
help/template_dbslimit.html
help/template_dbslimit.nl.html
help/template_defmquota.html
help/template_defmquota.nl.html
help/template_dns.html
help/template_dns.nl.html
help/template_dns_also.html
help/template_dns_also.nl.html
help/template_dns_dmarc_mode.html
help/template_dns_dmarcp.html
help/template_dns_dmarcpct.html
help/template_dns_dmarcrua.html
help/template_dns_dmarcruf.html
help/template_dns_indom.html
help/template_dns_master.html
help/template_dns_master.nl.html
help/template_dns_mx.html
help/template_dns_ns.html
help/template_dns_ns.nl.html
help/template_dns_records.html
help/template_dns_records.nl.html
help/template_dns_spf_mode.html
help/template_dns_spf_mode.nl.html
help/template_dns_spfall.html
help/template_dns_spfall.nl.html
help/template_dns_spfhosts.html
help/template_dns_spfhosts.nl.html
help/template_dns_spfincludes.html
help/template_dns_spfincludes.nl.html
help/template_dns_sub.html
help/template_dns_sub.nl.html
help/template_dns_ttl.html
help/template_dns_ttl.nl.html
help/template_domalias.html
help/template_domalias.nl.html
help/template_domalias_type.html
help/template_domalias_type.nl.html
help/template_domaliases_mode.html
help/template_domaliases_mode.nl.html
help/template_domslimit.html
help/template_domslimit.nl.html
help/template_exclude.html
help/template_extra_prefix.html
help/template_extra_prefix.nl.html
help/template_featurelimits.html
help/template_featurelimits.nl.html
help/template_for.html
help/template_for.nl.html
help/template_for_alias.html
help/template_for_alias.nl.html
help/template_for_parent.html
help/template_for_parent.nl.html
help/template_for_sub.html
help/template_for_sub.nl.html
help/template_for_users.html
help/template_for_users.nl.html
help/template_frame.html
help/template_frame.nl.html
help/template_ftp.html
help/template_ftp.nl.html
help/template_ftp_dir_def.html
help/template_ftp_dir_def.nl.html
help/template_ftpgroup.html
help/template_ftpgroup.nl.html
help/template_gacl.html
help/template_gacl.nl.html
help/template_gacl_umode.html
help/template_gacl_umode.nl.html
help/template_groups.html
help/template_groups.nl.html
help/template_hashtypes.html
help/template_html_dir_def.html
help/template_html_dir_def.nl.html
help/template_html_perms.html
help/template_html_perms.nl.html
help/template_init.html
help/template_init.nl.html
help/template_initsub.html
help/template_initsub.nl.html
help/template_jail.html
help/template_logrotate.html
help/template_logrotate.nl.html
help/template_logrotate_shared.html
help/template_logrotatefiles.html
help/template_logrotatefiles.nl.html
help/template_mail.html
help/template_mail.nl.html
help/template_mailboxlimit.html
help/template_mailboxlimit.nl.html
help/template_mailgroup.html
help/template_mailgroup.nl.html
help/template_mongrelslimit.html
help/template_mongrelslimit.nl.html
help/template_mysql.html
help/template_mysql.nl.html
help/template_mysql_charset.html
help/template_mysql_charset.nl.html
help/template_mysql_chgrp.html
help/template_mysql_chgrp.nl.html
help/template_mysql_collate.html
help/template_mysql_collate.nl.html
help/template_mysql_conns.html
help/template_mysql_conns.nl.html
help/template_mysql_hosts.html
help/template_mysql_hosts.nl.html
help/template_mysql_mkdb.html
help/template_mysql_mkdb.nl.html
help/template_mysql_nopass.html
help/template_mysql_nouser.html
help/template_mysql_nouser.nl.html
help/template_mysql_suffix.html
help/template_mysql_suffix.nl.html
help/template_mysql_uconns.html
help/template_mysql_uconns.nl.html
help/template_mysql_wild.html
help/template_mysql_wild.nl.html
help/template_name.html
help/template_name.nl.html
help/template_othergroups.html
help/template_othergroups.nl.html
help/template_outlook_autoconfig.html
help/template_owners.html
help/template_php_fpm.html
help/template_php_ini.html
help/template_php_ini.nl.html
help/template_php_noedit.html
help/template_php_noedit.nl.html
help/template_php_vars.html
help/template_php_vars.nl.html
help/template_phpcgi.html
help/template_phpcgi.nl.html
help/template_phpchildren.html
help/template_phpchildren.nl.html
help/template_phpfcgi.html
help/template_phpfcgi.nl.html
help/template_phpmode.html
help/template_phpmode.nl.html
help/template_phpver.html
help/template_phpver.nl.html
help/template_postgres_encoding.html
help/template_postgres_encoding.nl.html
help/template_quota.html
help/template_quota.nl.html
help/template_quotatype.html
help/template_quotatype.nl.html
help/template_ranges6_mode.html
help/template_ranges6_mode.nl.html
help/template_ranges_mode.html
help/template_ranges_mode.nl.html
help/template_realdomslimit.html
help/template_realdomslimit.nl.html
help/template_resellers.html
help/template_resellers.nl.html
help/template_root.html
help/template_root.nl.html
help/template_rubymode.html
help/template_rubymode.nl.html
help/template_sgroup.html
help/template_sgroup.nl.html
help/template_skel.html
help/template_skel.nl.html
help/template_skel_nosubs.html
help/template_skel_nosubs.nl.html
help/template_skel_onlysubs.html
help/template_skel_onlysubs.nl.html
help/template_skel_subs.html
help/template_skel_subs.nl.html
help/template_spam.html
help/template_spam.nl.html
help/template_spam_exitcode.html
help/template_spam_host.html
help/template_spam_host.nl.html
help/template_spam_size.html
help/template_spam_size.nl.html
help/template_spamclear.html
help/template_spamclear.nl.html
help/template_spamtrap.html
help/template_spamtrap.nl.html
help/template_stats_dir.html
help/template_stats_dir.nl.html
help/template_statsedit.html
help/template_statsedit.nl.html
help/template_statspass.html
help/template_statspass.nl.html
help/template_status.html
help/template_status.nl.html
help/template_statusonly.html
help/template_statusonly.nl.html
help/template_statussslcert.html
help/template_statussslcert.nl.html
help/template_statustimeout.html
help/template_statustimeout.nl.html
help/template_statustmpl.html
help/template_statustmpl.nl.html
help/template_subject.html
help/template_subject.nl.html
help/template_suexec.html
help/template_suexec.nl.html
help/template_ugroup_mode.html
help/template_ugroup_mode.nl.html
help/template_uplainpass.html
help/template_uplainpass.nl.html
help/template_uquota.html
help/template_uquota.nl.html
help/template_user_def.html
help/template_user_def.nl.html
help/template_ushell.html
help/template_ushell.nl.html
help/template_virus_host.html
help/template_virus_host.nl.html
help/template_web.html
help/template_web.nl.html
help/template_web_dovecot_ssl.html
help/template_web_port.html
help/template_web_port.nl.html
help/template_web_postfix_ssl.html
help/template_web_sslport.html
help/template_web_sslport.nl.html
help/template_web_sslprotos.html
help/template_web_urlport.html
help/template_web_urlsslport.html
help/template_web_usermin_ssl.html
help/template_web_usermin_ssl.nl.html
help/template_web_webmin_ssl.html
help/template_web_webmin_ssl.nl.html
help/template_webalizer.html
help/template_webalizer.nl.html
help/template_webmail.html
help/template_webmail.nl.html
help/template_webmaildom.html
help/template_webmaildom.nl.html
help/template_webmin_group.html
help/template_webmin_group.nl.html
help/template_webssi.html
help/template_writelogs.html
help/template_writelogs.nl.html
help/tmpls.html
help/tmpls.nl.html
help/transfer.html
help/tscripts.html
help/tscripts.nl.html
help/uftp.html
help/uftp.nl.html
help/umass.fr.html
help/umass.html
help/umass.nl.html
help/unalias.html
help/unalias.nl.html
help/unix.html
help/unix.nl.html
help/unixgroupname.de.html
help/unixgroupname.html
help/unixgroupname.nl.html
help/unixusername.de.html
help/unixusername.html
help/unixusername.nl.html
help/unixuserquota.de.html
help/unixuserquota.html
help/unixuserquota.nl.html
help/unsub.html
help/unsub.nl.html
help/usage.html
help/usage.nl.html
help/user_auto.fr.html
help/user_auto.html
help/user_auto.nl.html
help/user_charset.html
help/user_forward.fr.html
help/user_forward.html
help/user_forward.nl.html
help/user_imap.html
help/user_imap.nl.html
help/user_imapf.html
help/user_imapf.nl.html
help/user_mysqluser2.html
help/user_mysqluser2.nl.html
help/user_noforward.html
help/user_period.fr.html
help/user_period.html
help/user_period.nl.html
help/user_tome.fr.html
help/user_tome.html
help/user_tome.nl.html
help/userdbs.fr.html
help/userdbs.html
help/userdbs.nl.html
help/userdest.en_GB.html
help/userdest.html
help/userdest.nl.html
help/usergroups.html
help/usergroups.nl.html
help/userhome.html
help/userhome.nl.html
help/userhomeftp.html
help/userhomeftp.nl.html
help/usermailbox.html
help/usermailbox.nl.html
help/username.fr.html
help/username.html
help/username.nl.html
help/username2.html
help/username2.nl.html
help/ushell.fr.html
help/ushell.html
help/ushell.nl.html
help/virtualinterface.de.html
help/virtualinterface.html
help/virtualinterface.nl.html
help/virus.fr.html
help/virus.html
help/virus.nl.html
help/web.de.html
help/web.fr.html
help/web.html
help/web.nl.html
help/webalizer.fr.html
help/webalizer.html
help/webalizer.nl.html
help/webmin.de.html
help/webmin.fr.html
help/webmin.html
help/webmin.nl.html
help/webservertype.de.html
help/webservertype.html
help/webservertype.nl.html
help/websitequota.de.html
help/websitequota.html
help/websitequota.nl.html
lang/
lang/cz
lang/cz.UTF-8
lang/de
lang/en
lang/en_GB
lang/es
lang/es.UTF-8
lang/fi
lang/fr
lang/fr.UTF-8
lang/it
lang/nl
lang/no
lang/pl
lang/pt_BR
lang/ru_RU
lang/tr
lang/zh_CN
lang/zh_CN.UTF-8
lang/zh_TW.Big5
lang/zh_TW.UTF-8
newfeatures-all/
newfeatures-all/3.52/
newfeatures-all/3.52/1-restore
newfeatures-all/3.52/3-active-ip
newfeatures-all/3.52/5-mailout
newfeatures-all/3.53/
newfeatures-all/3.53/1-cancel
newfeatures-all/3.53/2-sslshared
newfeatures-all/3.53/4-disabledns
newfeatures-all/3.54/
newfeatures-all/3.54/1-plesk
newfeatures-all/3.54/5-restoreips
newfeatures-all/3.55/
newfeatures-all/3.55/1-migrationftp
newfeatures-all/3.55/2-migrationdomain
newfeatures-all/3.55/3-plesksubdoms
newfeatures-all/3.55/4-collectinfo
newfeatures-all/3.56/
newfeatures-all/3.56/2-pleskram
newfeatures-all/3.56/4-idn
newfeatures-all/3.56/5-ftpchroot
newfeatures-all/3.58/
newfeatures-all/3.58/1-showpass
newfeatures-all/3.58/3-managelinks
newfeatures-all/3.58/4-apilog
newfeatures-all/3.58/7-backupowners
newfeatures-all/3.58/7-backupsched
newfeatures-all/3.58/8-dutch
newfeatures-all/3.58/9-dbhosts
newfeatures-all/3.59/
newfeatures-all/3.59/2-plesk7
newfeatures-all/3.59/3-apihelper
newfeatures-all/3.59/4-purgeftp
newfeatures-all/3.60/
newfeatures-all/3.60/1-spf
newfeatures-all/3.60/3-webmail
newfeatures-all/3.60/4-globals
newfeatures-all/3.61/
newfeatures-all/3.61/1-apihelp
newfeatures-all/3.61/2-adminemail
newfeatures-all/3.61/5-matchall
newfeatures-all/3.61/6-encodings
newfeatures-all/3.62/
newfeatures-all/3.62/1-sortsub
newfeatures-all/3.63/
newfeatures-all/3.63/4-everyone
newfeatures-all/3.63/5-sslpass
newfeatures-all/3.63/6-stream-scanner
newfeatures-all/3.64/
newfeatures-all/3.64/1-sslshared
newfeatures-all/3.64/2-sslucc
newfeatures-all/3.64/3-ownerrestore
newfeatures-all/3.64/5-sharedalloc
newfeatures-all/3.64/6-zip
newfeatures-all/3.65/
newfeatures-all/3.65/3-spamtrap
newfeatures-all/3.65/6-restart
newfeatures-all/3.66/
newfeatures-all/3.66/3-backupcommands
newfeatures-all/3.66/4-plans
newfeatures-all/3.67/
newfeatures-all/3.67/1-planfeatures
newfeatures-all/3.67/4-plesk9
newfeatures-all/3.68/
newfeatures-all/3.68/4-defweb
newfeatures-all/3.68/5-ipv6
newfeatures-all/3.69/
newfeatures-all/3.69/1-sslcopy
newfeatures-all/3.69/3-spamd
newfeatures-all/3.69/4-wizard
newfeatures-all/3.69/5-netmask
newfeatures-all/3.69/6-backuplogs
newfeatures-all/3.70/
newfeatures-all/3.70/2-aliasconv
newfeatures-all/3.70/4-availmods
newfeatures-all/3.70/5-lxadmin
newfeatures-all/3.71/
newfeatures-all/3.71/1-backupplan
newfeatures-all/3.75/
newfeatures-all/3.75/5-copycert
newfeatures-all/3.76/
newfeatures-all/3.76/2-backupbw
newfeatures-all/3.76/3-backupmax
newfeatures-all/3.77/
newfeatures-all/3.77/1-redirects
newfeatures-all/3.78/
newfeatures-all/3.78/1-safeunder
newfeatures-all/3.78/2-uploadrestore
newfeatures-all/3.78/3-apachelog
newfeatures-all/3.79/
newfeatures-all/3.79/1-htmldir
newfeatures-all/3.80/
newfeatures-all/3.80/1-aliasdns
newfeatures-all/3.81/
newfeatures-all/3.81/1-pbzip2
newfeatures-all/3.81/2-changeips
newfeatures-all/3.81/3-backupinfo
newfeatures-all/3.81/4-dkim
newfeatures-all/3.82/
newfeatures-all/3.82/1-splitbackup
newfeatures-all/3.84/
newfeatures-all/3.84/0-validate
newfeatures-all/3.84/2-dnsrecords
newfeatures-all/3.84/3-clone
newfeatures-all/3.85/
newfeatures-all/3.85/0-whmcs
newfeatures-all/3.85/1-spamvirus
newfeatures-all/3.85/2-dnsmanual
newfeatures-all/3.88/
newfeatures-all/3.88/1-hashpass
newfeatures-all/3.88/2-newscripts
newfeatures-all/3.89/
newfeatures-all/3.89/1-mysqlconns
newfeatures-all/3.89/2-nginx
newfeatures-all/3.90/
newfeatures-all/3.90/1-backup
newfeatures-all/3.90/2-purge
newfeatures-all/3.91/
newfeatures-all/3.91/4-cloneip
newfeatures-all/3.93/
newfeatures-all/3.93/1-s3api
newfeatures-all/3.93/2-multipart
newfeatures-all/3.93/3-s3dir
newfeatures-all/3.94/
newfeatures-all/3.94/1-aliasmail
newfeatures-all/3.94/2-dependent
newfeatures-all/3.94/3-rackspace
newfeatures-all/3.96/
newfeatures-all/3.96/1-security
newfeatures-all/3.98/
newfeatures-all/3.98/2-autoconfig
newfeatures-all/3.98/3-webmincron
newfeatures-all/3.99/
newfeatures-all/3.99/1-ssi
newfeatures-all/3.99/2-php54
newfeatures-all/4.01/
newfeatures-all/4.01/2-buckets
newfeatures-all/4.03/
newfeatures-all/4.03/1-outlook
newfeatures-all/4.03/2-sslipv6
newfeatures-all/4.04/
newfeatures-all/4.04/1-ratelimit
newfeatures-all/4.04/2-bcc
newfeatures-all/4.04/3-directadmin
newfeatures-all/4.05/
newfeatures-all/4.05/2-transfer
newfeatures-all/4.07/
newfeatures-all/4.07/1-aliasmove
newfeatures-all/4.08/
newfeatures-all/4.08/1-domdkim
newfeatures-all/4.11/
newfeatures-all/4.11/1-dovecotssl
newfeatures-all/4.11/3-dovecotssl
newfeatures-all/4.12/
newfeatures-all/4.12/2-backupconfig
newfeatures-all/4.13/
newfeatures-all/4.13/1-logrotate
newfeatures-all/4.13/2-perms
newfeatures-all/4.13/3-assoc
newfeatures-all/4.14/
newfeatures-all/4.14/1-dmarc
newfeatures-all/4.15/
newfeatures-all/4.15/1-running
newfeatures-all/4.15/2-recovery
newfeatures-all/4.16/
newfeatures-all/4.16/1-aws
newfeatures-all/4.17/
newfeatures-all/4.17/1-replication
newfeatures-all/4.19/
newfeatures-all/4.19/1-cloudmail
newfeatures-all/4.19/2-letsencrypt
newfeatures-all/5.0/
newfeatures-all/5.0/1-excludes
newfeatures-all/5.0/2-backuplogs
newfeatures-all/5.01/
newfeatures-all/5.01/1-lets
newfeatures-all/5.04/
newfeatures-all/5.04/1-deletebackups
newfeatures-all/5.05/
newfeatures-all/5.05/2-dsrecords
newfeatures-all/5.05/3-tlsa
newfeatures-all/5.05/4-letscopy
newfeatures-all/5.05/5-owneropts
newfeatures-all/5.06/
newfeatures-all/5.06/1-fpm
newfeatures-all/5.06/2-migrate
newfeatures-all/5.08/
newfeatures-all/5.08/1-webminsni
newfeatures-all/5.08/2-jails
newfeatures-all/6.00/
newfeatures-all/6.00/0-killer
newfeatures-all/6.01/
newfeatures-all/6.01/0-remotemysql
newfeatures-gpl/
newfeatures-gpl/3.52/
newfeatures-gpl/3.52/8-webowner
newfeatures-gpl/3.55/
newfeatures-gpl/3.55/8-move
newfeatures-gpl/3.55/9-preload
newfeatures-gpl/3.56/
newfeatures-gpl/3.56/1-customfields
newfeatures-gpl/3.58/
newfeatures-gpl/3.58/10-spamvirus
newfeatures-gpl/3.60/
newfeatures-gpl/3.60/2-logo
newfeatures-gpl/3.63/
newfeatures-gpl/3.63/0-changeips
newfeatures-gpl/3.65/
newfeatures-gpl/3.65/4-viewwebsite
newfeatures-gpl/3.66/
newfeatures-gpl/3.66/2-gplapi
newfeatures-gpl/3.69/
newfeatures-gpl/3.69/1-greylist
newfeatures-gpl/3.70/
newfeatures-gpl/3.70/0-batch
newfeatures-gpl/3.78/
newfeatures-gpl/3.78/2-phpmode
newfeatures-gpl/3.81/
newfeatures-gpl/3.81/3-reemail
newfeatures-gpl/3.82/
newfeatures-gpl/3.82/1-domalias
newfeatures-gpl/3.84/
newfeatures-gpl/3.84/4-scripts
newfeatures-gpl/3.87/
newfeatures-gpl/3.87/0-scripts
newfeatures-gpl/3.89/
newfeatures-gpl/3.89/0-scripts
newfeatures-gpl/3.90/
newfeatures-gpl/3.90/0-scripts
newfeatures-gpl/3.91/
newfeatures-gpl/3.91/0-scripts
newfeatures-gpl/3.91/2-s3gpl
newfeatures-gpl/3.92/
newfeatures-gpl/3.92/0-scripts
newfeatures-gpl/3.93/
newfeatures-gpl/3.93/0-scripts
newfeatures-gpl/3.99/
newfeatures-gpl/3.99/0-scripts
newfeatures-gpl/4.00/
newfeatures-gpl/4.00/0-scripts
newfeatures-gpl/4.01/
newfeatures-gpl/4.01/0-scripts
newfeatures-gpl/4.02/
newfeatures-gpl/4.02/0-scripts
newfeatures-gpl/4.03/
newfeatures-gpl/4.03/0-scripts
newfeatures-gpl/4.05/
newfeatures-gpl/4.05/0-scripts
newfeatures-gpl/4.06/
newfeatures-gpl/4.06/0-scripts
newfeatures-gpl/4.07/
newfeatures-gpl/4.07/0-scripts
newfeatures-gpl/4.08/
newfeatures-gpl/4.08/0-scripts
newfeatures-gpl/4.09/
newfeatures-gpl/4.09/0-scripts
newfeatures-gpl/4.10/
newfeatures-gpl/4.10/0-scripts
newfeatures-gpl/4.11/
newfeatures-gpl/4.11/0-scripts
newfeatures-gpl/4.12/
newfeatures-gpl/4.12/0-scripts
newfeatures-gpl/4.13/
newfeatures-gpl/4.13/0-scripts
newfeatures-gpl/4.14/
newfeatures-gpl/4.14/0-scripts
newfeatures-gpl/4.15/
newfeatures-gpl/4.15/0-scripts
newfeatures-gpl/4.16/
newfeatures-gpl/4.16/0-scripts
newfeatures-gpl/4.17/
newfeatures-gpl/4.17/0-scripts
newfeatures-gpl/4.18/
newfeatures-gpl/4.18/0-scripts
newfeatures-gpl/4.19/
newfeatures-gpl/4.19/0-scripts
newfeatures-gpl/5.02/
newfeatures-gpl/5.02/0-scripts
newfeatures-gpl/5.04/
newfeatures-gpl/5.04/0-scripts
newfeatures-gpl/5.06/
newfeatures-gpl/5.06/0-scripts
newfeatures-pro/
newfeatures-pro/3.52/
newfeatures-pro/3.52/0-scripts
newfeatures-pro/3.52/2-restore-php
newfeatures-pro/3.52/4-move-suexec
newfeatures-pro/3.52/6-procmail
newfeatures-pro/3.52/7-styles
newfeatures-pro/3.52/8-immutable
newfeatures-pro/3.53/
newfeatures-pro/3.53/0-scripts
newfeatures-pro/3.53/5-scriptssite
newfeatures-pro/3.54/
newfeatures-pro/3.54/0-scripts
newfeatures-pro/3.54/2-status
newfeatures-pro/3.54/4-php5
newfeatures-pro/3.54/5-reselleremail
newfeatures-pro/3.55/
newfeatures-pro/3.55/0-scripts
newfeatures-pro/3.55/5-magento
newfeatures-pro/3.55/6-nameonly
newfeatures-pro/3.55/7-awl
newfeatures-pro/3.56/
newfeatures-pro/3.56/0-scripts
newfeatures-pro/3.56/1-partial
newfeatures-pro/3.56/6-stylechooser
newfeatures-pro/3.56/7-django
newfeatures-pro/3.56/8-phpchildren
newfeatures-pro/3.56/9-quotamon
newfeatures-pro/3.57/
newfeatures-pro/3.57/0-scripts
newfeatures-pro/3.57/1-resources
newfeatures-pro/3.57/2-deps
newfeatures-pro/3.58/
newfeatures-pro/3.58/0-scripts
newfeatures-pro/3.58/2-mailstats
newfeatures-pro/3.58/4-horde
newfeatures-pro/3.58/6-plesk
newfeatures-pro/3.59/
newfeatures-pro/3.59/0-scripts
newfeatures-pro/3.59/1-phpmods
newfeatures-pro/3.60/
newfeatures-pro/3.60/0-scripts
newfeatures-pro/3.61/
newfeatures-pro/3.61/0-scripts
newfeatures-pro/3.61/3-deletestyle
newfeatures-pro/3.61/4-customlinks
newfeatures-pro/3.62/
newfeatures-pro/3.62/0-scripts
newfeatures-pro/3.62/2-scriptwarn
newfeatures-pro/3.62/3-resellermail
newfeatures-pro/3.63/
newfeatures-pro/3.63/0-scripts
newfeatures-pro/3.63/1-scriptallow
newfeatures-pro/3.64/
newfeatures-pro/3.64/0-scripts
newfeatures-pro/3.64/4-reseldns
newfeatures-pro/3.65/
newfeatures-pro/3.65/0-scripts
newfeatures-pro/3.65/1-sslcmds
newfeatures-pro/3.65/5-quotas
newfeatures-pro/3.66/
newfeatures-pro/3.66/0-scripts
newfeatures-pro/3.66/1-templateapi
newfeatures-pro/3.66/4-connectivity
newfeatures-pro/3.67/
newfeatures-pro/3.67/0-scripts
newfeatures-pro/3.67/5-scriptlimits
newfeatures-pro/3.67/6-netgraph
newfeatures-pro/3.68/
newfeatures-pro/3.68/0-scripts
newfeatures-pro/3.68/1-greylist
newfeatures-pro/3.69/
newfeatures-pro/3.69/0-scripts
newfeatures-pro/3.69/1-temps
newfeatures-pro/3.70/
newfeatures-pro/3.70/0-scripts
newfeatures-pro/3.70/1-quotamsg
newfeatures-pro/3.70/3-admindoms
newfeatures-pro/3.71/
newfeatures-pro/3.71/0-scripts
newfeatures-pro/3.72/
newfeatures-pro/3.72/0-scripts
newfeatures-pro/3.73/
newfeatures-pro/3.73/0-scripts
newfeatures-pro/3.73/1-installers
newfeatures-pro/3.74/
newfeatures-pro/3.74/0-scripts
newfeatures-pro/3.75/
newfeatures-pro/3.75/0-scripts
newfeatures-pro/3.76/
newfeatures-pro/3.76/0-scripts
newfeatures-pro/3.77/
newfeatures-pro/3.77/0-scripts
newfeatures-pro/3.78/
newfeatures-pro/3.78/0-scripts
newfeatures-pro/3.79/
newfeatures-pro/3.79/0-scripts
newfeatures-pro/3.80/
newfeatures-pro/3.80/0-scripts
newfeatures-pro/3.81/
newfeatures-pro/3.81/0-scripts
newfeatures-pro/3.81/5-sslcert
newfeatures-pro/3.82/
newfeatures-pro/3.82/0-scripts
newfeatures-pro/3.83/
newfeatures-pro/3.83/0-scripts
newfeatures-pro/3.84/
newfeatures-pro/3.84/0-scripts
newfeatures-pro/3.85/
newfeatures-pro/3.85/0-scripts
newfeatures-pro/3.86/
newfeatures-pro/3.86/0-scripts
newfeatures-pro/3.87/
newfeatures-pro/3.87/0-scripts
newfeatures-pro/3.87/1-mxvirt
newfeatures-pro/3.88/
newfeatures-pro/3.88/0-scripts
newfeatures-pro/3.89/
newfeatures-pro/3.89/0-scripts
newfeatures-pro/3.90/
newfeatures-pro/3.90/0-scripts
newfeatures-pro/3.91/
newfeatures-pro/3.91/0-scripts
newfeatures-pro/3.91/1-stats
newfeatures-pro/3.92/
newfeatures-pro/3.92/0-scripts
newfeatures-pro/3.92/1-bkeys
newfeatures-pro/3.93/
newfeatures-pro/3.93/0-scripts
newfeatures-pro/3.94/
newfeatures-pro/3.94/0-scripts
newfeatures-pro/3.95/
newfeatures-pro/3.95/0-scripts
newfeatures-pro/3.96/
newfeatures-pro/3.96/0-scripts
newfeatures-pro/3.97/
newfeatures-pro/3.97/0-scripts
newfeatures-pro/3.98/
newfeatures-pro/3.98/0-scripts
newfeatures-pro/3.99/
newfeatures-pro/3.99/0-scripts
newfeatures-pro/4.00/
newfeatures-pro/4.00/0-scripts
newfeatures-pro/4.01/
newfeatures-pro/4.01/0-scripts
newfeatures-pro/4.02/
newfeatures-pro/4.02/0-scripts
newfeatures-pro/4.03/
newfeatures-pro/4.03/0-scripts
newfeatures-pro/4.04/
newfeatures-pro/4.04/0-scripts
newfeatures-pro/4.05/
newfeatures-pro/4.05/0-scripts
newfeatures-pro/4.06/
newfeatures-pro/4.06/0-scripts
newfeatures-pro/4.07/
newfeatures-pro/4.07/0-scripts
newfeatures-pro/4.07/2-resellers
newfeatures-pro/4.07/3-resellerunix
newfeatures-pro/4.08/
newfeatures-pro/4.08/0-scripts
newfeatures-pro/4.09/
newfeatures-pro/4.09/0-scripts
newfeatures-pro/4.10/
newfeatures-pro/4.10/0-scripts
newfeatures-pro/4.11/
newfeatures-pro/4.11/0-scripts
newfeatures-pro/4.11/2-retention
newfeatures-pro/4.12/
newfeatures-pro/4.12/0-scripts
newfeatures-pro/4.12/1-cloud
newfeatures-pro/4.13/
newfeatures-pro/4.13/0-scripts
newfeatures-pro/4.14/
newfeatures-pro/4.14/0-scripts
newfeatures-pro/4.15/
newfeatures-pro/4.15/0-scripts
newfeatures-pro/4.15/3-dropbox
newfeatures-pro/4.16/
newfeatures-pro/4.16/0-scripts
newfeatures-pro/4.17/
newfeatures-pro/4.17/0-scripts
newfeatures-pro/4.18/
newfeatures-pro/4.18/0-scripts
newfeatures-pro/4.19/
newfeatures-pro/4.19/0-scripts
newfeatures-pro/5.01/
newfeatures-pro/5.01/0-scripts
newfeatures-pro/5.02/
newfeatures-pro/5.02/0-scripts
newfeatures-pro/5.03/
newfeatures-pro/5.03/0-scripts
newfeatures-pro/5.04/
newfeatures-pro/5.04/0-scripts
newfeatures-pro/5.05/
newfeatures-pro/5.05/0-scripts
newfeatures-pro/5.05/1-topdoms
newfeatures-pro/5.06/
newfeatures-pro/5.06/0-scripts
newfeatures-pro/5.07/
newfeatures-pro/5.07/0-scripts
newfeatures-pro/5.08/
newfeatures-pro/5.08/0-scripts
scripts/
scripts/django.pl
scripts/docbookwiki.disabled
scripts/pg_nuke.sql
scripts/phpmyadmin.pl
scripts/phppgadmin.pl
scripts/roundcube.pl
scripts/squirrelmail.pl
scripts/whmcs.pl
scripts/wordpress.pl

sent 9,336,620 bytes  received 45,140 bytes  1,705,774.55 bytes/sec
total size is 9,165,932  speedup is 0.98
